<?xml version="1.0" encoding="UTF-8"?>
<!-- Generated by org.testng.reporters.JUnitReportReporter -->
<testsuite hostname="RMoritz" failures="0" tests="1" name="incomingShipments.IncomingShipmentsTests" time="23.306" errors="0" timestamp="2020-05-28T16:42:52 CDT" skipped="0">
  <testcase classname="incomingShipments.IncomingShipmentsTests" name="packingSlipsForTerminal" time="23.306"/>
  <system-out/>
</testsuite> <!-- incomingShipments.IncomingShipmentsTests -->
