<?xml version="1.0" encoding="UTF-8"?>
<!-- Generated by org.testng.reporters.JUnitReportReporter -->
<testsuite hostname="RMoritz" failures="0" tests="1" name="patients.PatientsTests" time="17.520" errors="0" timestamp="2020-05-28T16:42:51 CDT" skipped="0">
  <testcase classname="patients.PatientsTests" name="addInsurancePolicy" time="17.520"/>
  <system-out/>
</testsuite> <!-- patients.PatientsTests -->
