<?xml version="1.0" encoding="UTF-8"?>
<!-- Generated by org.testng.reporters.JUnitReportReporter -->
<testsuite hostname="RMoritz" failures="0" tests="1" name="createUsers.CreateUsersTests" time="22.145" errors="0" timestamp="2020-05-28T16:42:51 CDT" skipped="0">
  <testcase classname="createUsers.CreateUsersTests" name="createManager" time="22.145"/>
  <system-out/>
</testsuite> <!-- createUsers.CreateUsersTests -->
