<?xml version="1.0" encoding="UTF-8"?>
<!-- Generated by org.testng.reporters.JUnitReportReporter -->
<testsuite hostname="RMoritz" failures="0" tests="1" name="createUsers.CreatePatientTests" time="11.495" errors="0" timestamp="2020-07-09T00:28:33 CDT" skipped="0">
  <testcase classname="createUsers.CreatePatientTests" name="createPatient" time="11.495"/>
  <system-out/>
</testsuite> <!-- createUsers.CreatePatientTests -->
