<?xml version="1.0" encoding="UTF-8"?>
<!-- Generated by org.testng.reporters.JUnitReportReporter -->
<testsuite hostname="RMoritz" failures="0" tests="1" name="inventory.InventoryTests" time="40.624" errors="0" timestamp="2020-05-28T16:42:52 CDT" skipped="0">
  <testcase classname="inventory.InventoryTests" name="inventoryCycle" time="40.624"/>
  <system-out/>
</testsuite> <!-- inventory.InventoryTests -->
